Command line invocation:
    /Applications/Xcode_16.4.app/Contents/Developer/usr/bin/xcodebuild archive -workspace ./Step_Tracker_Pro.xcworkspace -scheme Step_Tracker_Pro -configuration Release -destination generic/platform=iOS -archivePath /Users/runner/work/Step_Tracker_Pro/Step_Tracker_Pro/build.xcarchive

ComputePackagePrebuildTargetDependencyGraph

Prepare packages

CreateBuildRequest

SendProjectDescription

CreateBuildOperation

ComputeTargetDependencyGraph
note: Building targets in dependency order
note: Target dependency graph (6 targets)
    Target 'Step_Tracker_Pro' in project 'Step_Tracker_Pro'
        ➜ Implicit dependency on target 'Pods-Step_Tracker_Pro' in project 'Pods' via file 'Pods_Step_Tracker_Pro.framework' in build phase 'Link Binary'
        ➜ Implicit dependency on target 'HFGPurchasesKit' in project 'Pods' via options '-framework HFGPurchasesKit' in build setting 'OTHER_LDFLAGS'
    Target 'Pods-Step_Tracker_Pro' in project 'Pods'
        ➜ Explicit dependency on target 'HFGPurchasesKit' in project 'Pods'
        ➜ Explicit dependency on target 'UMAPM' in project 'Pods'
        ➜ Explicit dependency on target 'UMCommon' in project 'Pods'
        ➜ Explicit dependency on target 'UMDevice' in project 'Pods'
    Target 'HFGPurchasesKit' in project 'Pods'
        ➜ Explicit dependency on target 'UMAPM' in project 'Pods'
        ➜ Explicit dependency on target 'UMCommon' in project 'Pods'
        ➜ Explicit dependency on target 'UMDevice' in project 'Pods'
    Target 'UMAPM' in project 'Pods'
        ➜ Explicit dependency on target 'UMCommon' in project 'Pods'
    Target 'UMCommon' in project 'Pods'
        ➜ Explicit dependency on target 'UMDevice' in project 'Pods'
    Target 'UMDevice' in project 'Pods' (no dependencies)

GatherProvisioningInputs

CreateBuildDescription

ExecuteExternalTool /Applications/Xcode_16.4.app/Contents/Developer/Toolchains/XcodeDefault.xctoolchain/usr/bin/clang -v -E -dM -arch arm64 -isysroot /Applications/Xcode_16.4.app/Contents/Developer/Platforms/iPhoneOS.platform/Developer/SDKs/iPhoneOS18.5.sdk -x c -c /dev/null

ExecuteExternalTool /Applications/Xcode_16.4.app/Contents/Developer/Toolchains/XcodeDefault.xctoolchain/usr/bin/clang -v -E -dM -isysroot /Applications/Xcode_16.4.app/Contents/Developer/Platforms/iPhoneOS.platform/Developer/SDKs/iPhoneOS18.5.sdk -x c -c /dev/null

ExecuteExternalTool /Applications/Xcode_16.4.app/Contents/Developer/Toolchains/XcodeDefault.xctoolchain/usr/bin/clang -v -E -dM -arch arm64 -isysroot /Applications/Xcode_16.4.app/Contents/Developer/Platforms/iPhoneOS.platform/Developer/SDKs/iPhoneOS18.5.sdk -x objective-c -c /dev/null

ExecuteExternalTool /Applications/Xcode_16.4.app/Contents/Developer/usr/bin/actool --print-asset-tag-combinations --output-format xml1 /Users/runner/work/Step_Tracker_Pro/Step_Tracker_Pro/Step_Tracker_Pro/Core/Utilities/Extensions,Resources/Assets.xcassets /Users/runner/work/Step_Tracker_Pro/Step_Tracker_Pro/Step_Tracker_Pro/Resources/Assets.xcassets /Users/runner/work/Step_Tracker_Pro/Step_Tracker_Pro/Step_Tracker_Pro/Features/Settings/Views,Resources/Assets.xcassets /Users/runner/work/Step_Tracker_Pro/Step_Tracker_Pro/Step_Tracker_Pro/Features/Settings/ViewModels,Resources/Assets.xcassets /Users/runner/work/Step_Tracker_Pro/Step_Tracker_Pro/Step_Tracker_Pro/Features/Home/Views,Resources/Assets.xcassets /Users/runner/work/Step_Tracker_Pro/Step_Tracker_Pro/Step_Tracker_Pro/Features/Home/ViewModels,Resources/Assets.xcassets /Users/runner/work/Step_Tracker_Pro/Step_Tracker_Pro/Step_Tracker_Pro/Features/Fragments/Views,Resources/Assets.xcassets /Users/runner/work/Step_Tracker_Pro/Step_Tracker_Pro/Step_Tracker_Pro/Features/Fragments/Models,Resources/Assets.xcassets /Users/runner/work/Step_Tracker_Pro/Step_Tracker_Pro/Step_Tracker_Pro/Features/Fragments/ViewModels,Resources/Assets.xcassets /Users/runner/work/Step_Tracker_Pro/Step_Tracker_Pro/Step_Tracker_Pro/Features/Social/Views,Resources/Assets.xcassets /Users/runner/work/Step_Tracker_Pro/Step_Tracker_Pro/Step_Tracker_Pro/Features/Social/ViewModels,Resources/Assets.xcassets /Users/runner/work/Step_Tracker_Pro/Step_Tracker_Pro/Step_Tracker_Pro/Features/Paywall/Views,Resources/Assets.xcassets /Users/runner/work/Step_Tracker_Pro/Step_Tracker_Pro/Step_Tracker_Pro/Features/Stats/Views,Resources/Assets.xcassets /Users/runner/work/Step_Tracker_Pro/Step_Tracker_Pro/Step_Tracker_Pro/Features/Stats/ViewModels,Resources/Assets.xcassets /Users/runner/work/Step_Tracker_Pro/Step_Tracker_Pro/Step_Tracker_Pro/Features/Onboarding/Views,Resources/Assets.xcassets /Users/runner/work/Step_Tracker_Pro/Step_Tracker_Pro/Step_Tracker_Pro/Shared/Components,Resources/Assets.xcassets /Users/runner/work/Step_Tracker_Pro/Step_Tracker_Pro/Step_Tracker_Pro/Shared/Styles,Resources/Assets.xcassets /Users/runner/work/Step_Tracker_Pro/Step_Tracker_Pro/Step_Tracker_Pro/App,Resources/Assets.xcassets

ExecuteExternalTool /Applications/Xcode_16.4.app/Contents/Developer/Toolchains/XcodeDefault.xctoolchain/usr/bin/swiftc --version

ExecuteExternalTool /Applications/Xcode_16.4.app/Contents/Developer/Toolchains/XcodeDefault.xctoolchain/usr/bin/libtool -V

ExecuteExternalTool /Applications/Xcode_16.4.app/Contents/Developer/usr/bin/actool --version --output-format xml1

ExecuteExternalTool /Applications/Xcode_16.4.app/Contents/Developer/Toolchains/XcodeDefault.xctoolchain/usr/bin/ld -version_details

Build description signature: 1698a74ae5be50f84dc274026ea15b25
Build description path: /Users/runner/Library/Developer/Xcode/DerivedData/Step_Tracker_Pro-gigsoejedbjjeedbolemjengcszu/Build/Intermediates.noindex/ArchiveIntermediates/Step_Tracker_Pro/IntermediateBuildFilesPath/XCBuildData/1698a74ae5be50f84dc274026ea15b25.xcbuilddata
note: Disabling previews because SWIFT_VERSION is set and SWIFT_OPTIMIZATION_LEVEL=-O, expected -Onone (in target 'Pods-Step_Tracker_Pro' from project 'Pods')
/Users/runner/work/Step_Tracker_Pro/Step_Tracker_Pro/Pods/Pods.xcodeproj: warning: The iOS deployment target 'IPHONEOS_DEPLOYMENT_TARGET' is set to 9.0, but the range of supported deployment target versions is 12.0 to 18.5.99. (in target 'UMCommon' from project 'Pods')
note: Disabling previews because SWIFT_VERSION is set and SWIFT_OPTIMIZATION_LEVEL=-O, expected -Onone (in target 'UMCommon' from project 'Pods')
/Users/runner/work/Step_Tracker_Pro/Step_Tracker_Pro/Step_Tracker_Pro.xcodeproj: error: Provisioning profile "appstore-6758505442-20260225104409171" doesn't support the HealthKit capability.  (in target 'Step_Tracker_Pro' from project 'Step_Tracker_Pro')
/Users/runner/work/Step_Tracker_Pro/Step_Tracker_Pro/Step_Tracker_Pro.xcodeproj: error: Provisioning profile "appstore-6758505442-20260225104409171" doesn't include the com.apple.developer.healthkit and com.apple.developer.healthkit.access entitlements. Profile qualification is using entitlement definitions that may be out of date. Connect to network to update. (in target 'Step_Tracker_Pro' from project 'Step_Tracker_Pro')
note: Disabling previews because SWIFT_VERSION is set and SWIFT_OPTIMIZATION_LEVEL=-O, expected -Onone (in target 'Step_Tracker_Pro' from project 'Step_Tracker_Pro')
/Users/runner/work/Step_Tracker_Pro/Step_Tracker_Pro/Pods/Pods.xcodeproj: warning: The iOS deployment target 'IPHONEOS_DEPLOYMENT_TARGET' is set to 9.0, but the range of supported deployment target versions is 12.0 to 18.5.99. (in target 'UMDevice' from project 'Pods')
note: Disabling previews because SWIFT_VERSION is set and SWIFT_OPTIMIZATION_LEVEL=-O, expected -Onone (in target 'UMDevice' from project 'Pods')
/Users/runner/work/Step_Tracker_Pro/Step_Tracker_Pro/Pods/Pods.xcodeproj: warning: The iOS deployment target 'IPHONEOS_DEPLOYMENT_TARGET' is set to 9.0, but the range of supported deployment target versions is 12.0 to 18.5.99. (in target 'UMAPM' from project 'Pods')
note: Disabling previews because SWIFT_VERSION is set and SWIFT_OPTIMIZATION_LEVEL=-O, expected -Onone (in target 'UMAPM' from project 'Pods')
note: Disabling previews because SWIFT_VERSION is set and SWIFT_OPTIMIZATION_LEVEL=-O, expected -Onone (in target 'HFGPurchasesKit' from project 'Pods')
** ARCHIVE FAILED **


The following build commands failed:
	Archiving workspace Step_Tracker_Pro with scheme Step_Tracker_Pro
(1 failure)
